<?xml version="1.0" encoding="UTF-8"?>
<testsuite xmlns:xsi="http://www.w3.org/2001/XMLSchema-instance" xsi:noNamespaceSchemaLocation="https://maven.apache.org/surefire/maven-surefire-plugin/xsd/surefire-test-report.xsd" version="3.0.2" name="HeyArtcraftWeb.HeyArtcraftWebApplicationTests" time="3.577" tests="1" errors="0" skipped="0" failures="0" flakes="0">
  <properties>
[...]
</properties>
  <testcase name="contextLoads" classname="HeyArtcraftWeb.HeyArtcraftWebApplicationTests" time="0.31">
    <system-out><![CDATA[23:26:12.975 [main] INFO org.springframework.test.context.support.AnnotationConfigContextLoaderUtils -- Could not detect default configuration classes for test class [HeyArtcraftWeb.HeyArtcraftWebApplicationTests]: HeyArtcraftWebApplicationTests does not declare any static, non-private, non-final, nested classes annotated with @Configuration.
23:26:13.050 [main] INFO org.springframework.boot.test.context.SpringBootTestContextBootstrapper -- Found @SpringBootConfiguration HeyArtcraftWeb.HeyArtcraftWebApplication for test class HeyArtcraftWeb.HeyArtcraftWebApplicationTests
23:26:13.115 [main] INFO org.springframework.test.context.support.AnnotationConfigContextLoaderUtils -- Could not detect default configuration classes for test class [HeyArtcraftWeb.HeyArtcraftWebApplicationTests]: HeyArtcraftWebApplicationTests does not declare any static, non-private, non-final, nested classes annotated with @Configuration.
23:26:13.117 [main] INFO org.springframework.boot.test.context.SpringBootTestContextBootstrapper -- Found @SpringBootConfiguration HeyArtcraftWeb.HeyArtcraftWebApplication for test class HeyArtcraftWeb.HeyArtcraftWebApplicationTests
11:26  INFO 26156 --- [HeyArtcraftWeb] [           main] H.HeyArtcraftWebApplicationTests         : Starting HeyArtcraftWebApplicationTests using Java 25.0.1 with PID 26156 (started by Armando in C:\GitHub\SC-403-HeyArtcraftWeb)
11:26  INFO 26156 --- [HeyArtcraftWeb] [           main] H.HeyArtcraftWebApplicationTests         : No active profile set, falling back to 1 default profile: "default"
11:26  INFO 26156 --- [HeyArtcraftWeb] [           main] .s.d.r.c.RepositoryConfigurationDelegate : Bootstrapping Spring Data JPA repositories in DEFAULT mode.
11:26  INFO 26156 --- [HeyArtcraftWeb] [           main] .s.d.r.c.RepositoryConfigurationDelegate : Finished Spring Data repository scanning in 27 ms. Found 3 JPA repository interfaces.
11:26  INFO 26156 --- [HeyArtcraftWeb] [           main] org.hibernate.orm.jpa                    : HHH008540: Processing PersistenceUnitInfo [name: default]
11:26  INFO 26156 --- [HeyArtcraftWeb] [           main] org.hibernate.orm.core                   : HHH000001: Hibernate ORM core version 7.4.1.Final
11:26  INFO 26156 --- [HeyArtcraftWeb] [           main] o.s.o.j.p.SpringPersistenceUnitInfo      : No LoadTimeWeaver setup: ignoring JPA class transformer
11:26  INFO 26156 --- [HeyArtcraftWeb] [           main] com.zaxxer.hikari.HikariDataSource       : HikariPool-1 - Starting...
11:26  INFO 26156 --- [HeyArtcraftWeb] [           main] com.zaxxer.hikari.pool.HikariPool        : HikariPool-1 - Added connection com.mysql.cj.jdbc.ConnectionImpl@3d7b3b18
11:26  INFO 26156 --- [HeyArtcraftWeb] [           main] com.zaxxer.hikari.HikariDataSource       : HikariPool-1 - Start completed.
11:26  WARN 26156 --- [HeyArtcraftWeb] [           main] org.hibernate.orm.core                   : HHH000511: The 5.5.41 version for [org.hibernate.dialect.MySQLDialect] is no longer supported, hence certain features may not work properly.The minimum supported version is 8.0.0. Check the community dialects project for available legacy versions.
11:26  WARN 26156 --- [HeyArtcraftWeb] [           main] org.hibernate.orm.deprecation            : HHH90000025: MySQLDialect does not need to be specified explicitly using 'hibernate.dialect' (remove the property setting and it will be selected by default)
11:26  INFO 26156 --- [HeyArtcraftWeb] [           main] org.hibernate.orm.connections.pooling    : HHH10001005: Database info:
	Database JDBC URL [jdbc:mysql://localhost:3306/heyartcraftweb?useUnicode=true&characterEncoding=UTF-8]
	Database driver: MySQL Connector/J
	Database dialect: MySQLDialect
	Database version: 5.5.41
	Default catalog/schema: heyartcraftweb/undefined
	Autocommit mode: undefined/unknown
	Isolation level: REPEATABLE_READ [default REPEATABLE_READ]
	JDBC fetch size: none
	Pool: DataSourceConnectionProvider
	Minimum pool size: undefined/unknown
	Maximum pool size: undefined/unknown
11:26  INFO 26156 --- [HeyArtcraftWeb] [           main] org.hibernate.orm.core                   : HHH000489: No JTA platform available (set 'hibernate.transaction.jta.platform' to enable JTA platform integration)
11:26  INFO 26156 --- [HeyArtcraftWeb] [           main] j.LocalContainerEntityManagerFactoryBean : Initialized JPA EntityManagerFactory for persistence unit 'default'
11:26  INFO 26156 --- [HeyArtcraftWeb] [           main] o.s.d.j.r.query.QueryEnhancerFactories   : Hibernate is in classpath; If applicable, HQL parser will be used.
11:26  WARN 26156 --- [HeyArtcraftWeb] [           main] JpaBaseConfiguration$JpaWebConfiguration : spring.jpa.open-in-view is enabled by default. Therefore, database queries may be performed during view rendering. Explicitly configure spring.jpa.open-in-view to disable this warning
11:26  INFO 26156 --- [HeyArtcraftWeb] [           main] o.s.b.w.a.WelcomePageHandlerMapping      : Adding welcome page template: index
11:26  INFO 26156 --- [HeyArtcraftWeb] [           main] H.HeyArtcraftWebApplicationTests         : Started HeyArtcraftWebApplicationTests in 2.938 seconds (process running for 3.82)
]]></system-out>
    <system-err><![CDATA[Mockito is currently self-attaching to enable the inline-mock-maker. This will no longer work in future releases of the JDK. Please add Mockito as an agent to your build as described in Mockito's documentation: https://javadoc.io/doc/org.mockito/mockito-core/latest/org.mockito/org/mockito/Mockito.html#0.3
WARNING: A Java agent has been loaded dynamically (C:\Users\Armando\.m2\repository\net\bytebuddy\byte-buddy-agent\1.18.10\byte-buddy-agent-1.18.10.jar)
WARNING: If a serviceability tool is in use, please run with -XX:+EnableDynamicAgentLoading to hide this warning
WARNING: If a serviceability tool is not in use, please run with -Djdk.instrument.traceUsage for more information
WARNING: Dynamic loading of agents will be disallowed by default in a future release
]]></system-err>
  </testcase>
</testsuite>